[03-May-2023 08:02:13 UTC] PHP Warning:  mysqli_connect(): (HY000/1045): Access denied for user 'root'@'localhost' (using password: NO) in C:\Users\peppe\AppData\Roaming\Appsolute\MAMP\pscripts\file-dd2261ca-ad66-49e6-bd3b-b078a2e98565.php on line 3
[03-May-2023 08:02:13 UTC] PHP Warning:  mysqli_query() expects parameter 1 to be mysqli, boolean given in C:\Users\peppe\AppData\Roaming\Appsolute\MAMP\pscripts\file-dd2261ca-ad66-49e6-bd3b-b078a2e98565.php on line 12
[03-May-2023 08:02:13 UTC] PHP Warning:  mysqli_query() expects parameter 1 to be mysqli, boolean given in C:\Users\peppe\AppData\Roaming\Appsolute\MAMP\pscripts\file-dd2261ca-ad66-49e6-bd3b-b078a2e98565.php on line 13
[03-May-2023 08:02:13 UTC] PHP Warning:  mysqli_fetch_assoc() expects parameter 1 to be mysqli_result, null given in C:\Users\peppe\AppData\Roaming\Appsolute\MAMP\pscripts\file-dd2261ca-ad66-49e6-bd3b-b078a2e98565.php on line 16
[03-May-2023 08:02:13 UTC] PHP Warning:  mysqli_close() expects parameter 1 to be mysqli, boolean given in C:\Users\peppe\AppData\Roaming\Appsolute\MAMP\pscripts\file-dd2261ca-ad66-49e6-bd3b-b078a2e98565.php on line 21
[03-May-2023 10:09:08 UTC] PHP Warning:  mysqli_connect(): (HY000/1045): Access denied for user 'root'@'localhost' (using password: NO) in C:\Users\peppe\AppData\Roaming\Appsolute\MAMP\pscripts\file-3923de66-bed3-48b1-8911-432cfacd0842.php on line 3
[03-May-2023 10:09:08 UTC] PHP Warning:  mysqli_query() expects parameter 1 to be mysqli, boolean given in C:\Users\peppe\AppData\Roaming\Appsolute\MAMP\pscripts\file-3923de66-bed3-48b1-8911-432cfacd0842.php on line 12
[03-May-2023 10:09:08 UTC] PHP Warning:  mysqli_query() expects parameter 1 to be mysqli, boolean given in C:\Users\peppe\AppData\Roaming\Appsolute\MAMP\pscripts\file-3923de66-bed3-48b1-8911-432cfacd0842.php on line 13
[03-May-2023 10:09:08 UTC] PHP Warning:  mysqli_fetch_assoc() expects parameter 1 to be mysqli_result, null given in C:\Users\peppe\AppData\Roaming\Appsolute\MAMP\pscripts\file-3923de66-bed3-48b1-8911-432cfacd0842.php on line 16
[03-May-2023 10:09:08 UTC] PHP Warning:  mysqli_close() expects parameter 1 to be mysqli, boolean given in C:\Users\peppe\AppData\Roaming\Appsolute\MAMP\pscripts\file-3923de66-bed3-48b1-8911-432cfacd0842.php on line 21
[03-May-2023 10:09:25 UTC] PHP Warning:  Xdebug MUST be loaded as a Zend extension in Unknown on line 0
[03-May-2023 10:09:27 UTC] PHP Warning:  Xdebug MUST be loaded as a Zend extension in Unknown on line 0
[03-May-2023 13:42:30 UTC] PHP Fatal error:  Uncaught Error: Array callback must have exactly two elements in C:\MAMP\htdocs\PHP\php-badwords\php-badwords\index.php:2
Stack trace:
#0 {main}
  thrown in C:\MAMP\htdocs\PHP\php-badwords\php-badwords\index.php on line 2
[03-May-2023 13:42:32 UTC] PHP Fatal error:  Uncaught Error: Array callback must have exactly two elements in C:\MAMP\htdocs\PHP\php-badwords\php-badwords\index.php:2
Stack trace:
#0 {main}
  thrown in C:\MAMP\htdocs\PHP\php-badwords\php-badwords\index.php on line 2
[03-May-2023 13:42:32 UTC] PHP Fatal error:  Uncaught Error: Array callback must have exactly two elements in C:\MAMP\htdocs\PHP\php-badwords\php-badwords\index.php:2
Stack trace:
#0 {main}
  thrown in C:\MAMP\htdocs\PHP\php-badwords\php-badwords\index.php on line 2
[03-May-2023 13:42:33 UTC] PHP Fatal error:  Uncaught Error: Array callback must have exactly two elements in C:\MAMP\htdocs\PHP\php-badwords\php-badwords\index.php:2
Stack trace:
#0 {main}
  thrown in C:\MAMP\htdocs\PHP\php-badwords\php-badwords\index.php on line 2
[03-May-2023 13:42:40 UTC] PHP Fatal error:  Uncaught Error: Array callback must have exactly two elements in C:\MAMP\htdocs\PHP\php-badwords\php-badwords\index.php:2
Stack trace:
#0 {main}
  thrown in C:\MAMP\htdocs\PHP\php-badwords\php-badwords\index.php on line 2
[03-May-2023 13:42:59 UTC] PHP Fatal error:  Uncaught Error: Array callback must have exactly two elements in C:\MAMP\htdocs\PHP\php-badwords\php-badwords\index.php:2
Stack trace:
#0 {main}
  thrown in C:\MAMP\htdocs\PHP\php-badwords\php-badwords\index.php on line 2
[03-May-2023 13:43:01 UTC] PHP Fatal error:  Uncaught Error: Array callback must have exactly two elements in C:\MAMP\htdocs\PHP\php-badwords\php-badwords\index.php:2
Stack trace:
#0 {main}
  thrown in C:\MAMP\htdocs\PHP\php-badwords\php-badwords\index.php on line 2
[03-May-2023 13:43:02 UTC] PHP Fatal error:  Uncaught Error: Array callback must have exactly two elements in C:\MAMP\htdocs\PHP\php-badwords\php-badwords\index.php:2
Stack trace:
#0 {main}
  thrown in C:\MAMP\htdocs\PHP\php-badwords\php-badwords\index.php on line 2
[03-May-2023 13:45:23 UTC] PHP Fatal error:  Uncaught Error: Array callback has to contain indices 0 and 1 in C:\MAMP\htdocs\PHP\php-badwords\php-badwords\badWord.php:2
Stack trace:
#0 {main}
  thrown in C:\MAMP\htdocs\PHP\php-badwords\php-badwords\badWord.php on line 2
[03-May-2023 13:45:24 UTC] PHP Fatal error:  Uncaught Error: Array callback has to contain indices 0 and 1 in C:\MAMP\htdocs\PHP\php-badwords\php-badwords\badWord.php:2
Stack trace:
#0 {main}
  thrown in C:\MAMP\htdocs\PHP\php-badwords\php-badwords\badWord.php on line 2
[03-May-2023 13:45:34 UTC] PHP Fatal error:  Uncaught Error: Array callback has to contain indices 0 and 1 in C:\MAMP\htdocs\PHP\php-badwords\php-badwords\badWord.php:2
Stack trace:
#0 {main}
  thrown in C:\MAMP\htdocs\PHP\php-badwords\php-badwords\badWord.php on line 2
[03-May-2023 13:45:36 UTC] PHP Fatal error:  Uncaught Error: Array callback has to contain indices 0 and 1 in C:\MAMP\htdocs\PHP\php-badwords\php-badwords\badWord.php:2
Stack trace:
#0 {main}
  thrown in C:\MAMP\htdocs\PHP\php-badwords\php-badwords\badWord.php on line 2
[03-May-2023 13:45:36 UTC] PHP Fatal error:  Uncaught Error: Array callback has to contain indices 0 and 1 in C:\MAMP\htdocs\PHP\php-badwords\php-badwords\badWord.php:2
Stack trace:
#0 {main}
  thrown in C:\MAMP\htdocs\PHP\php-badwords\php-badwords\badWord.php on line 2
[03-May-2023 13:45:36 UTC] PHP Fatal error:  Uncaught Error: Array callback has to contain indices 0 and 1 in C:\MAMP\htdocs\PHP\php-badwords\php-badwords\badWord.php:2
Stack trace:
#0 {main}
  thrown in C:\MAMP\htdocs\PHP\php-badwords\php-badwords\badWord.php on line 2
[03-May-2023 13:46:00 UTC] PHP Fatal error:  Uncaught Error: Array callback has to contain indices 0 and 1 in C:\MAMP\htdocs\PHP\php-badwords\php-badwords\badWord.php:2
Stack trace:
#0 {main}
  thrown in C:\MAMP\htdocs\PHP\php-badwords\php-badwords\badWord.php on line 2
